14:15:31.088 debug: 2025. 11. 25. 오후 2:15:31
14:15:31.089 debug: Project: D:\TestWork\jenkins_test\CMD_Build\
14:15:31.089 debug: Targets: editor,preview
14:15:31.092 debug: Incremental file seems great.
14:15:31.093 debug: Engine path: D:\docker\jenkins-build\Creator_3_8_7\resources\resources\3d\engine
14:15:31.107 debug: Initializing target [Editor]
14:15:31.107 debug: Loading cache
14:15:31.108 debug: Loading cache costs 0.9773999999997613ms.
14:15:31.108 debug: Engine features shipped in editor: base,gfx-webgl,gfx-webgl2,gfx-empty,gfx-webgpu,3d,animation,skeletal-animation,2d,rich-text,mask,graphics,ui-skew,ui,affine-transform,sorting-2d,particle,particle-2d,physics-framework,physics-cannon,physics-physx,physics-ammo,physics-builtin,physics-2d-framework,physics-2d-box2d-jsb,physics-2d-box2d,physics-2d-builtin,physics-2d-box2d-wasm,intersection-2d,primitive,profiler,occlusion-query,geometry-renderer,debug-renderer,audio,video,xr,light-probe,terrain,webview,tween,tiled-map,vendor-google,spine-3.8,spine-4.2,dragon-bones,marionette,procedural-animation,custom-pipeline,custom-pipeline-builtin-scripts,custom-pipeline-post-process,legacy-pipeline,websocket,websocket-server,meshopt
14:15:31.109 debug: Our import map(foo:/bar): {
  "imports": {
    "cc": "cce:/internal/x/cc"
  }
}
14:15:31.109 debug: Initializing target [Preview]
14:15:31.109 debug: Loading cache
14:15:31.110 debug: Loading cache costs 0.8680999999996857ms.
14:15:31.110 debug: Our import map(foo:/bar): {
  "imports": {
    "cc": "cce:/internal/x/cc"
  }
}
14:15:31.168 debug: Sync engine features: 2d,3d,affine-transform,animation,audio,base,custom-pipeline,dragon-bones,gfx-webgl,graphics,intersection-2d,light-probe,marionette,mask,particle,particle-2d,physics-2d-box2d,physics-ammo,primitive,profiler,rich-text,skeletal-animation,spine-3.8,terrain,tiled-map,tween,ui,ui-skew,video,websocket,webview
14:15:31.171 debug: Reset databases. Enumerated domains: [
  {
    "root": "db://internal/",
    "physical": "D:\\docker\\jenkins-build\\Creator_3_8_7\\resources\\resources\\3d\\engine\\editor\\assets"
  },
  {
    "root": "db://assets/",
    "physical": "D:\\TestWork\\jenkins_test\\CMD_Build\\assets"
  }
]
14:15:31.171 debug: Our import map(foo:/bar): {
  "imports": {
    "cc": "cce:/internal/x/cc",
    "db://internal/": "file:///D:/docker/jenkins-build/Creator_3_8_7/resources/resources/3d/engine/editor/assets/",
    "db://assets/": "file:///D:/TestWork/jenkins_test/CMD_Build/assets/"
  }
}
14:15:31.173 debug: Our import map(foo:/bar): {
  "imports": {
    "cc": "cce:/internal/x/cc",
    "db://internal/": "file:///D:/docker/jenkins-build/Creator_3_8_7/resources/resources/3d/engine/editor/assets/",
    "db://assets/": "file:///D:/TestWork/jenkins_test/CMD_Build/assets/"
  }
}
14:15:31.173 debug: Pulling asset-db.
14:15:31.176 debug: Fetch asset-db cost: 2.8734999999996944ms.
14:15:31.177 debug: Build iteration starts.
Number of accumulated asset changes: 0
Feature changed: false
14:15:31.178 debug: Target(editor) build started.
14:15:31.181 debug: Detected change: cce:/internal/x/cc. Last mtime: Thu Jan 01 1970 09:00:07 GMT+0900 (한국 표준시), Current mtime: Thu Jan 01 1970 09:00:12 GMT+0900 (한국 표준시)
14:15:31.181 debug: Inspect cce:/internal/x/cc
14:15:31.253 debug: transform url: 'cce:/internal/x/cc' costs: 71.50 ms
14:15:31.261 debug: Resolve cce:/internal/x/cc-fu/base from cce:/internal/x/cc as external dependency cce:/internal/x/cc-fu/base.
14:15:31.261 debug: Resolve cce:/internal/x/cc-fu/gfx-webgl from cce:/internal/x/cc as external dependency cce:/internal/x/cc-fu/gfx-webgl.
14:15:31.261 debug: Resolve cce:/internal/x/cc-fu/gfx-webgl2 from cce:/internal/x/cc as external dependency cce:/internal/x/cc-fu/gfx-webgl2.
14:15:31.261 debug: Resolve cce:/internal/x/cc-fu/gfx-empty from cce:/internal/x/cc as external dependency cce:/internal/x/cc-fu/gfx-empty.
14:15:31.261 debug: Resolve cce:/internal/x/cc-fu/gfx-webgpu from cce:/internal/x/cc as external dependency cce:/internal/x/cc-fu/gfx-webgpu.
14:15:31.261 debug: Resolve cce:/internal/x/cc-fu/3d from cce:/internal/x/cc as external dependency cce:/internal/x/cc-fu/3d.
14:15:31.261 debug: Resolve cce:/internal/x/cc-fu/animation from cce:/internal/x/cc as external dependency cce:/internal/x/cc-fu/animation.
14:15:31.261 debug: Resolve cce:/internal/x/cc-fu/skeletal-animation from cce:/internal/x/cc as external dependency cce:/internal/x/cc-fu/skeletal-animation.
14:15:31.261 debug: Resolve cce:/internal/x/cc-fu/2d from cce:/internal/x/cc as external dependency cce:/internal/x/cc-fu/2d.
14:15:31.261 debug: Resolve cce:/internal/x/cc-fu/sorting from cce:/internal/x/cc as external dependency cce:/internal/x/cc-fu/sorting.
14:15:31.261 debug: Resolve cce:/internal/x/cc-fu/rich-text from cce:/internal/x/cc as external dependency cce:/internal/x/cc-fu/rich-text.
14:15:31.261 debug: Resolve cce:/internal/x/cc-fu/mask from cce:/internal/x/cc as external dependency cce:/internal/x/cc-fu/mask.
14:15:31.262 debug: Resolve cce:/internal/x/cc-fu/graphics from cce:/internal/x/cc as external dependency cce:/internal/x/cc-fu/graphics.
14:15:31.262 debug: Resolve cce:/internal/x/cc-fu/ui-skew from cce:/internal/x/cc as external dependency cce:/internal/x/cc-fu/ui-skew.
14:15:31.262 debug: Resolve cce:/internal/x/cc-fu/ui from cce:/internal/x/cc as external dependency cce:/internal/x/cc-fu/ui.
14:15:31.262 debug: Resolve cce:/internal/x/cc-fu/affine-transform from cce:/internal/x/cc as external dependency cce:/internal/x/cc-fu/affine-transform.
14:15:31.262 debug: Resolve cce:/internal/x/cc-fu/sorting-2d from cce:/internal/x/cc as external dependency cce:/internal/x/cc-fu/sorting-2d.
14:15:31.262 debug: Resolve cce:/internal/x/cc-fu/particle from cce:/internal/x/cc as external dependency cce:/internal/x/cc-fu/particle.
14:15:31.262 debug: Resolve cce:/internal/x/cc-fu/particle-2d from cce:/internal/x/cc as external dependency cce:/internal/x/cc-fu/particle-2d.
14:15:31.262 debug: Resolve cce:/internal/x/cc-fu/physics-framework from cce:/internal/x/cc as external dependency cce:/internal/x/cc-fu/physics-framework.
14:15:31.262 debug: Resolve cce:/internal/x/cc-fu/physics-cannon from cce:/internal/x/cc as external dependency cce:/internal/x/cc-fu/physics-cannon.
14:15:31.262 debug: Resolve cce:/internal/x/cc-fu/physics-physx from cce:/internal/x/cc as external dependency cce:/internal/x/cc-fu/physics-physx.
14:15:31.262 debug: Resolve cce:/internal/x/cc-fu/physics-ammo from cce:/internal/x/cc as external dependency cce:/internal/x/cc-fu/physics-ammo.
14:15:31.262 debug: Resolve cce:/internal/x/cc-fu/physics-builtin from cce:/internal/x/cc as external dependency cce:/internal/x/cc-fu/physics-builtin.
14:15:31.262 debug: Resolve cce:/internal/x/cc-fu/physics-2d-framework from cce:/internal/x/cc as external dependency cce:/internal/x/cc-fu/physics-2d-framework.
14:15:31.262 debug: Resolve cce:/internal/x/cc-fu/physics-2d-box2d-jsb from cce:/internal/x/cc as external dependency cce:/internal/x/cc-fu/physics-2d-box2d-jsb.
14:15:31.262 debug: Resolve cce:/internal/x/cc-fu/physics-2d-box2d from cce:/internal/x/cc as external dependency cce:/internal/x/cc-fu/physics-2d-box2d.
14:15:31.262 debug: Resolve cce:/internal/x/cc-fu/physics-2d-builtin from cce:/internal/x/cc as external dependency cce:/internal/x/cc-fu/physics-2d-builtin.
14:15:31.262 debug: Resolve cce:/internal/x/cc-fu/physics-2d-box2d-wasm from cce:/internal/x/cc as external dependency cce:/internal/x/cc-fu/physics-2d-box2d-wasm.
14:15:31.262 debug: Resolve cce:/internal/x/cc-fu/intersection-2d from cce:/internal/x/cc as external dependency cce:/internal/x/cc-fu/intersection-2d.
14:15:31.262 debug: Resolve cce:/internal/x/cc-fu/primitive from cce:/internal/x/cc as external dependency cce:/internal/x/cc-fu/primitive.
14:15:31.262 debug: Resolve cce:/internal/x/cc-fu/profiler from cce:/internal/x/cc as external dependency cce:/internal/x/cc-fu/profiler.
14:15:31.262 debug: Resolve cce:/internal/x/cc-fu/geometry-renderer from cce:/internal/x/cc as external dependency cce:/internal/x/cc-fu/geometry-renderer.
14:15:31.262 debug: Resolve cce:/internal/x/cc-fu/audio from cce:/internal/x/cc as external dependency cce:/internal/x/cc-fu/audio.
14:15:31.262 debug: Resolve cce:/internal/x/cc-fu/video from cce:/internal/x/cc as external dependency cce:/internal/x/cc-fu/video.
14:15:31.262 debug: Resolve cce:/internal/x/cc-fu/xr from cce:/internal/x/cc as external dependency cce:/internal/x/cc-fu/xr.
14:15:31.262 debug: Resolve cce:/internal/x/cc-fu/light-probe from cce:/internal/x/cc as external dependency cce:/internal/x/cc-fu/light-probe.
14:15:31.262 debug: Resolve cce:/internal/x/cc-fu/terrain from cce:/internal/x/cc as external dependency cce:/internal/x/cc-fu/terrain.
14:15:31.262 debug: Resolve cce:/internal/x/cc-fu/webview from cce:/internal/x/cc as external dependency cce:/internal/x/cc-fu/webview.
14:15:31.262 debug: Resolve cce:/internal/x/cc-fu/tween from cce:/internal/x/cc as external dependency cce:/internal/x/cc-fu/tween.
14:15:31.262 debug: Resolve cce:/internal/x/cc-fu/tiled-map from cce:/internal/x/cc as external dependency cce:/internal/x/cc-fu/tiled-map.
14:15:31.262 debug: Resolve cce:/internal/x/cc-fu/vendor-google from cce:/internal/x/cc as external dependency cce:/internal/x/cc-fu/vendor-google.
14:15:31.262 debug: Resolve cce:/internal/x/cc-fu/spine from cce:/internal/x/cc as external dependency cce:/internal/x/cc-fu/spine.
14:15:31.262 debug: Resolve cce:/internal/x/cc-fu/dragon-bones from cce:/internal/x/cc as external dependency cce:/internal/x/cc-fu/dragon-bones.
14:15:31.262 debug: Resolve cce:/internal/x/cc-fu/custom-pipeline from cce:/internal/x/cc as external dependency cce:/internal/x/cc-fu/custom-pipeline.
14:15:31.263 debug: Resolve cce:/internal/x/cc-fu/custom-pipeline-post-process from cce:/internal/x/cc as external dependency cce:/internal/x/cc-fu/custom-pipeline-post-process.
14:15:31.263 debug: Resolve cce:/internal/x/cc-fu/legacy-pipeline from cce:/internal/x/cc as external dependency cce:/internal/x/cc-fu/legacy-pipeline.
14:15:31.263 debug: Detected change: cce:/internal/x/prerequisite-imports. Last mtime: Thu Jan 01 1970 09:00:09 GMT+0900 (한국 표준시), Current mtime: Thu Jan 01 1970 09:00:12 GMT+0900 (한국 표준시)
14:15:31.263 debug: Inspect cce:/internal/x/prerequisite-imports
14:15:31.277 debug: transform url: 'cce:/internal/x/prerequisite-imports' costs: 14.10 ms
14:15:31.295 debug: Target(editor) ends with cost 117.76350000000093ms.
14:15:31.296 debug: Target(preview) build started.
14:15:31.299 debug: Detected change: cce:/internal/x/cc. Last mtime: Thu Jan 01 1970 09:00:07 GMT+0900 (한국 표준시), Current mtime: Thu Jan 01 1970 09:00:12 GMT+0900 (한국 표준시)
14:15:31.299 debug: Inspect cce:/internal/x/cc
14:15:31.338 debug: transform url: 'cce:/internal/x/cc' costs: 38.80 ms
14:15:31.345 debug: Resolve cce:/internal/x/cc-fu/2d from cce:/internal/x/cc as external dependency cce:/internal/x/cc-fu/2d.
14:15:31.346 debug: Resolve cce:/internal/x/cc-fu/sorting from cce:/internal/x/cc as external dependency cce:/internal/x/cc-fu/sorting.
14:15:31.346 debug: Resolve cce:/internal/x/cc-fu/3d from cce:/internal/x/cc as external dependency cce:/internal/x/cc-fu/3d.
14:15:31.346 debug: Resolve cce:/internal/x/cc-fu/affine-transform from cce:/internal/x/cc as external dependency cce:/internal/x/cc-fu/affine-transform.
14:15:31.346 debug: Resolve cce:/internal/x/cc-fu/animation from cce:/internal/x/cc as external dependency cce:/internal/x/cc-fu/animation.
14:15:31.346 debug: Resolve cce:/internal/x/cc-fu/audio from cce:/internal/x/cc as external dependency cce:/internal/x/cc-fu/audio.
14:15:31.346 debug: Resolve cce:/internal/x/cc-fu/base from cce:/internal/x/cc as external dependency cce:/internal/x/cc-fu/base.
14:15:31.346 debug: Resolve cce:/internal/x/cc-fu/custom-pipeline from cce:/internal/x/cc as external dependency cce:/internal/x/cc-fu/custom-pipeline.
14:15:31.346 debug: Resolve cce:/internal/x/cc-fu/dragon-bones from cce:/internal/x/cc as external dependency cce:/internal/x/cc-fu/dragon-bones.
14:15:31.346 debug: Resolve cce:/internal/x/cc-fu/gfx-webgl from cce:/internal/x/cc as external dependency cce:/internal/x/cc-fu/gfx-webgl.
14:15:31.346 debug: Resolve cce:/internal/x/cc-fu/graphics from cce:/internal/x/cc as external dependency cce:/internal/x/cc-fu/graphics.
14:15:31.346 debug: Resolve cce:/internal/x/cc-fu/intersection-2d from cce:/internal/x/cc as external dependency cce:/internal/x/cc-fu/intersection-2d.
14:15:31.346 debug: Resolve cce:/internal/x/cc-fu/light-probe from cce:/internal/x/cc as external dependency cce:/internal/x/cc-fu/light-probe.
14:15:31.346 debug: Resolve cce:/internal/x/cc-fu/mask from cce:/internal/x/cc as external dependency cce:/internal/x/cc-fu/mask.
14:15:31.346 debug: Resolve cce:/internal/x/cc-fu/particle from cce:/internal/x/cc as external dependency cce:/internal/x/cc-fu/particle.
14:15:31.346 debug: Resolve cce:/internal/x/cc-fu/particle-2d from cce:/internal/x/cc as external dependency cce:/internal/x/cc-fu/particle-2d.
14:15:31.346 debug: Resolve cce:/internal/x/cc-fu/physics-2d-box2d from cce:/internal/x/cc as external dependency cce:/internal/x/cc-fu/physics-2d-box2d.
14:15:31.346 debug: Resolve cce:/internal/x/cc-fu/physics-2d-framework from cce:/internal/x/cc as external dependency cce:/internal/x/cc-fu/physics-2d-framework.
14:15:31.346 debug: Resolve cce:/internal/x/cc-fu/physics-ammo from cce:/internal/x/cc as external dependency cce:/internal/x/cc-fu/physics-ammo.
14:15:31.346 debug: Resolve cce:/internal/x/cc-fu/physics-framework from cce:/internal/x/cc as external dependency cce:/internal/x/cc-fu/physics-framework.
14:15:31.346 debug: Resolve cce:/internal/x/cc-fu/primitive from cce:/internal/x/cc as external dependency cce:/internal/x/cc-fu/primitive.
14:15:31.346 debug: Resolve cce:/internal/x/cc-fu/profiler from cce:/internal/x/cc as external dependency cce:/internal/x/cc-fu/profiler.
14:15:31.346 debug: Resolve cce:/internal/x/cc-fu/rich-text from cce:/internal/x/cc as external dependency cce:/internal/x/cc-fu/rich-text.
14:15:31.346 debug: Resolve cce:/internal/x/cc-fu/skeletal-animation from cce:/internal/x/cc as external dependency cce:/internal/x/cc-fu/skeletal-animation.
14:15:31.346 debug: Resolve cce:/internal/x/cc-fu/spine from cce:/internal/x/cc as external dependency cce:/internal/x/cc-fu/spine.
14:15:31.346 debug: Resolve cce:/internal/x/cc-fu/terrain from cce:/internal/x/cc as external dependency cce:/internal/x/cc-fu/terrain.
14:15:31.346 debug: Resolve cce:/internal/x/cc-fu/tiled-map from cce:/internal/x/cc as external dependency cce:/internal/x/cc-fu/tiled-map.
14:15:31.347 debug: Resolve cce:/internal/x/cc-fu/tween from cce:/internal/x/cc as external dependency cce:/internal/x/cc-fu/tween.
14:15:31.347 debug: Resolve cce:/internal/x/cc-fu/ui from cce:/internal/x/cc as external dependency cce:/internal/x/cc-fu/ui.
14:15:31.347 debug: Resolve cce:/internal/x/cc-fu/ui-skew from cce:/internal/x/cc as external dependency cce:/internal/x/cc-fu/ui-skew.
14:15:31.347 debug: Resolve cce:/internal/x/cc-fu/video from cce:/internal/x/cc as external dependency cce:/internal/x/cc-fu/video.
14:15:31.347 debug: Resolve cce:/internal/x/cc-fu/webview from cce:/internal/x/cc as external dependency cce:/internal/x/cc-fu/webview.
14:15:31.347 debug: Detected change: cce:/internal/x/prerequisite-imports. Last mtime: Thu Jan 01 1970 09:00:09 GMT+0900 (한국 표준시), Current mtime: Thu Jan 01 1970 09:00:12 GMT+0900 (한국 표준시)
14:15:31.347 debug: Inspect cce:/internal/x/prerequisite-imports
14:15:31.359 debug: transform url: 'cce:/internal/x/prerequisite-imports' costs: 11.80 ms
14:15:31.373 debug: Target(preview) ends with cost 77.32070000000022ms.
14:15:35.201 debug: Pulling asset-db.
14:15:36.113 debug: Fetch asset-db cost: 912.3232000000025ms.
14:15:36.115 debug: Build iteration starts.
Number of accumulated asset changes: 7
Feature changed: false
14:15:36.115 debug: Target(editor) build started.
14:15:36.118 debug: Detected change: cce:/internal/x/prerequisite-imports. Last mtime: Thu Jan 01 1970 09:00:12 GMT+0900 (한국 표준시), Current mtime: Thu Jan 01 1970 09:00:17 GMT+0900 (한국 표준시)
14:15:36.118 debug: Inspect cce:/internal/x/prerequisite-imports
14:15:36.133 debug: transform url: 'cce:/internal/x/prerequisite-imports' costs: 14.80 ms
14:15:36.140 debug: Resolve file:///D:/TestWork/jenkins_test/CMD_Build/assets/Main.ts from cce:/internal/x/prerequisite-imports as file:///D:/TestWork/jenkins_test/CMD_Build/assets/Main.ts.
14:15:36.141 debug: Resolve file:///D:/docker/jenkins-build/Creator_3_8_7/resources/resources/3d/engine/editor/assets/default_renderpipeline/builtin-dof-pass.ts from cce:/internal/x/prerequisite-imports as file:///D:/docker/jenkins-build/Creator_3_8_7/resources/resources/3d/engine/editor/assets/default_renderpipeline/builtin-dof-pass.ts.
14:15:36.142 debug: Resolve file:///D:/docker/jenkins-build/Creator_3_8_7/resources/resources/3d/engine/editor/assets/default_renderpipeline/builtin-pipeline-pass.ts from cce:/internal/x/prerequisite-imports as file:///D:/docker/jenkins-build/Creator_3_8_7/resources/resources/3d/engine/editor/assets/default_renderpipeline/builtin-pipeline-pass.ts.
14:15:36.143 debug: Resolve file:///D:/docker/jenkins-build/Creator_3_8_7/resources/resources/3d/engine/editor/assets/default_renderpipeline/builtin-pipeline-settings.ts from cce:/internal/x/prerequisite-imports as file:///D:/docker/jenkins-build/Creator_3_8_7/resources/resources/3d/engine/editor/assets/default_renderpipeline/builtin-pipeline-settings.ts.
14:15:36.144 debug: Resolve file:///D:/docker/jenkins-build/Creator_3_8_7/resources/resources/3d/engine/editor/assets/default_renderpipeline/builtin-pipeline-types.ts from cce:/internal/x/prerequisite-imports as file:///D:/docker/jenkins-build/Creator_3_8_7/resources/resources/3d/engine/editor/assets/default_renderpipeline/builtin-pipeline-types.ts.
14:15:36.145 debug: Resolve file:///D:/docker/jenkins-build/Creator_3_8_7/resources/resources/3d/engine/editor/assets/default_renderpipeline/builtin-pipeline.ts from cce:/internal/x/prerequisite-imports as file:///D:/docker/jenkins-build/Creator_3_8_7/resources/resources/3d/engine/editor/assets/default_renderpipeline/builtin-pipeline.ts.
14:15:36.146 debug: Resolve file:///D:/docker/jenkins-build/Creator_3_8_7/resources/resources/3d/engine/editor/assets/tools/debug-view-runtime-control.ts from cce:/internal/x/prerequisite-imports as file:///D:/docker/jenkins-build/Creator_3_8_7/resources/resources/3d/engine/editor/assets/tools/debug-view-runtime-control.ts.
14:15:36.146 debug: Detected change: cce:/internal/code-quality/cr.mjs. Last mtime: Tue Nov 25 2025 14:07:14 GMT+0900 (한국 표준시), Current mtime: Tue Nov 25 2025 14:15:18 GMT+0900 (한국 표준시)
14:15:36.146 debug: Inspect cce:/internal/code-quality/cr.mjs
14:15:36.156 debug: transform url: 'cce:/internal/code-quality/cr.mjs' costs: 9.70 ms
14:15:36.185 debug: Target(editor) ends with cost 69.70180000000255ms.
14:15:36.185 debug: Target(preview) build started.
14:15:36.188 debug: Detected change: cce:/internal/x/prerequisite-imports. Last mtime: Thu Jan 01 1970 09:00:12 GMT+0900 (한국 표준시), Current mtime: Thu Jan 01 1970 09:00:17 GMT+0900 (한국 표준시)
14:15:36.188 debug: Inspect cce:/internal/x/prerequisite-imports
14:15:36.202 debug: transform url: 'cce:/internal/x/prerequisite-imports' costs: 13.20 ms
14:15:36.208 debug: Resolve file:///D:/TestWork/jenkins_test/CMD_Build/assets/Main.ts from cce:/internal/x/prerequisite-imports as file:///D:/TestWork/jenkins_test/CMD_Build/assets/Main.ts.
14:15:36.209 debug: Resolve file:///D:/docker/jenkins-build/Creator_3_8_7/resources/resources/3d/engine/editor/assets/default_renderpipeline/builtin-dof-pass.ts from cce:/internal/x/prerequisite-imports as file:///D:/docker/jenkins-build/Creator_3_8_7/resources/resources/3d/engine/editor/assets/default_renderpipeline/builtin-dof-pass.ts.
14:15:36.209 debug: Resolve file:///D:/docker/jenkins-build/Creator_3_8_7/resources/resources/3d/engine/editor/assets/default_renderpipeline/builtin-pipeline-pass.ts from cce:/internal/x/prerequisite-imports as file:///D:/docker/jenkins-build/Creator_3_8_7/resources/resources/3d/engine/editor/assets/default_renderpipeline/builtin-pipeline-pass.ts.
14:15:36.210 debug: Resolve file:///D:/docker/jenkins-build/Creator_3_8_7/resources/resources/3d/engine/editor/assets/default_renderpipeline/builtin-pipeline-settings.ts from cce:/internal/x/prerequisite-imports as file:///D:/docker/jenkins-build/Creator_3_8_7/resources/resources/3d/engine/editor/assets/default_renderpipeline/builtin-pipeline-settings.ts.
14:15:36.211 debug: Resolve file:///D:/docker/jenkins-build/Creator_3_8_7/resources/resources/3d/engine/editor/assets/default_renderpipeline/builtin-pipeline-types.ts from cce:/internal/x/prerequisite-imports as file:///D:/docker/jenkins-build/Creator_3_8_7/resources/resources/3d/engine/editor/assets/default_renderpipeline/builtin-pipeline-types.ts.
14:15:36.212 debug: Resolve file:///D:/docker/jenkins-build/Creator_3_8_7/resources/resources/3d/engine/editor/assets/default_renderpipeline/builtin-pipeline.ts from cce:/internal/x/prerequisite-imports as file:///D:/docker/jenkins-build/Creator_3_8_7/resources/resources/3d/engine/editor/assets/default_renderpipeline/builtin-pipeline.ts.
14:15:36.213 debug: Resolve file:///D:/docker/jenkins-build/Creator_3_8_7/resources/resources/3d/engine/editor/assets/tools/debug-view-runtime-control.ts from cce:/internal/x/prerequisite-imports as file:///D:/docker/jenkins-build/Creator_3_8_7/resources/resources/3d/engine/editor/assets/tools/debug-view-runtime-control.ts.
14:15:36.213 debug: Detected change: cce:/internal/code-quality/cr.mjs. Last mtime: Tue Nov 25 2025 14:07:14 GMT+0900 (한국 표준시), Current mtime: Tue Nov 25 2025 14:15:18 GMT+0900 (한국 표준시)
14:15:36.213 debug: Inspect cce:/internal/code-quality/cr.mjs
14:15:36.229 debug: transform url: 'cce:/internal/code-quality/cr.mjs' costs: 15.10 ms
14:15:36.260 debug: Target(preview) ends with cost 74.6179000000011ms.
